TN:
SF:src\App.jsx
FN:6,App
FN:11,(anonymous_1)
FN:12,(anonymous_2)
FN:14,(anonymous_3)
FN:25,(anonymous_4)
FN:30,(anonymous_5)
FN:35,(anonymous_6)
FN:46,(anonymous_7)
FN:50,(anonymous_8)
FN:64,(anonymous_9)
FN:68,(anonymous_10)
FN:70,(anonymous_11)
FN:71,(anonymous_12)
FNF:13
FNH:6
FNDA:28,App
FNDA:12,(anonymous_1)
FNDA:10,(anonymous_2)
FNDA:3,(anonymous_3)
FNDA:0,(anonymous_4)
FNDA:0,(anonymous_5)
FNDA:0,(anonymous_6)
FNDA:30,(anonymous_7)
FNDA:0,(anonymous_8)
FNDA:3,(anonymous_9)
FNDA:0,(anonymous_10)
FNDA:0,(anonymous_11)
FNDA:0,(anonymous_12)
DA:3,1
DA:4,1
DA:6,16
DA:7,16
DA:8,16
DA:9,16
DA:11,16
DA:12,16
DA:14,16
DA:15,3
DA:16,3
DA:17,2
DA:21,2
DA:22,2
DA:23,16
DA:25,16
DA:26,0
DA:27,0
DA:28,16
DA:30,16
DA:31,0
DA:32,0
DA:33,16
DA:35,16
DA:36,0
DA:37,0
DA:39,16
DA:42,16
DA:43,10
DA:45,16
DA:46,10
DA:47,30
DA:50,0
DA:60,16
DA:61,16
DA:63,15
DA:64,16
DA:65,16
DA:66,16
DA:67,16
DA:68,16
DA:69,0
DA:70,0
DA:71,0
DA:73,16
DA:74,16
DA:75,16
LF:47
LH:37
BRDA:3,0,0,1
BRDA:3,0,1,1
BRDA:6,1,0,10
BRDA:6,1,1,6
BRDA:9,2,0,10
BRDA:9,2,1,6
BRDA:11,3,0,10
BRDA:11,3,1,6
BRDA:12,4,0,15
BRDA:12,4,1,1
BRDA:16,5,0,1
BRDA:16,5,1,2
BRDA:23,6,0,10
BRDA:23,6,1,6
BRDA:28,7,0,10
BRDA:28,7,1,6
BRDA:33,8,0,16
BRDA:33,8,1,0
BRDA:33,9,0,16
BRDA:33,9,1,1
BRDA:33,9,2,1
BRDA:33,9,3,0
BRDA:33,10,0,10
BRDA:33,10,1,6
BRDA:36,11,0,0
BRDA:36,11,1,0
BRDA:37,12,0,0
BRDA:37,12,1,0
BRDA:39,13,0,10
BRDA:39,13,1,6
BRDA:45,14,0,10
BRDA:45,14,1,6
BRDA:54,15,0,10
BRDA:54,15,1,20
BRDA:58,16,0,10
BRDA:58,16,1,20
BRDA:58,17,0,10
BRDA:58,17,1,10
BRDA:60,18,0,10
BRDA:60,18,1,6
BRDA:61,19,0,10
BRDA:61,19,1,6
BRDA:64,20,0,15
BRDA:64,20,1,1
BRDA:64,21,0,10
BRDA:64,21,1,6
BRDA:65,22,0,15
BRDA:65,22,1,1
BRDA:65,23,0,16
BRDA:65,23,1,1
BRDA:66,24,0,10
BRDA:66,24,1,6
BRDA:69,25,0,0
BRDA:69,25,1,0
BRDA:73,26,0,16
BRDA:73,26,1,0
BRDA:74,27,0,16
BRDA:74,27,1,0
BRDA:74,28,0,16
BRDA:74,28,1,6
BRDA:74,28,2,1
BRDA:74,28,3,0
BRDA:74,28,4,0
BRF:63
BRH:51
end_of_record
