<?xml version="1.0" encoding="UTF-8"?>
<coverage generated="1788144848991" clover="3.2.0">
  <project timestamp="1788144848992" name="All files">
    <metrics statements="37" coveredstatements="36" conditionals="12" coveredconditionals="10" methods="10" coveredmethods="9" elements="59" coveredelements="55" complexity="0" loc="37" ncloc="37" packages="1" files="1" classes="1"/>
    <file name="server.js" path="C:\Users\HP\Desktop\neces\simpletasks\backend\server.js">
      <metrics statements="37" coveredstatements="36" conditionals="12" coveredconditionals="10" methods="10" coveredmethods="9"/>
      <line num="1" count="1" type="stmt"/>
      <line num="2" count="1" type="stmt"/>
      <line num="3" count="1" type="stmt"/>
      <line num="4" count="1" type="stmt"/>
      <line num="6" count="1" type="stmt"/>
      <line num="7" count="1" type="stmt"/>
      <line num="8" count="1" type="stmt"/>
      <line num="10" count="1" type="stmt"/>
      <line num="13" count="14" type="cond" truecount="1" falsecount="1"/>
      <line num="14" count="14" type="stmt"/>
      <line num="17" count="9" type="stmt"/>
      <line num="20" count="3" type="stmt"/>
      <line num="22" count="1" type="stmt"/>
      <line num="23" count="7" type="stmt"/>
      <line num="24" count="7" type="cond" truecount="4" falsecount="0"/>
      <line num="25" count="5" type="stmt"/>
      <line num="26" count="5" type="stmt"/>
      <line num="27" count="5" type="stmt"/>
      <line num="28" count="5" type="stmt"/>
      <line num="29" count="5" type="stmt"/>
      <line num="32" count="1" type="stmt"/>
      <line num="33" count="4" type="stmt"/>
      <line num="34" count="4" type="stmt"/>
      <line num="35" count="4" type="cond" truecount="2" falsecount="0"/>
      <line num="36" count="3" type="stmt"/>
      <line num="37" count="3" type="stmt"/>
      <line num="38" count="3" type="stmt"/>
      <line num="41" count="1" type="stmt"/>
      <line num="42" count="2" type="stmt"/>
      <line num="43" count="2" type="stmt"/>
      <line num="44" count="2" type="cond" truecount="2" falsecount="0"/>
      <line num="45" count="1" type="stmt"/>
      <line num="46" count="1" type="stmt"/>
      <line num="47" count="1" type="stmt"/>
      <line num="50" count="1" type="cond" truecount="1" falsecount="1"/>
      <line num="51" count="0" type="stmt"/>
      <line num="53" count="1" type="stmt"/>
    </file>
  </project>
</coverage>
