{"C:\\Users\\HP\\Desktop\\neces\\simpletasks\\backend\\server.js": {"path":"C:\\Users\\HP\\Desktop\\neces\\simpletasks\\backend\\server.js","statementMap":{"0":{"start":{"line":1,"column":16},"end":{"line":1,"column":34}},"1":{"start":{"line":2,"column":13},"end":{"line":2,"column":28}},"2":{"start":{"line":3,"column":11},"end":{"line":3,"column":24}},"3":{"start":{"line":4,"column":13},"end":{"line":4,"column":28}},"4":{"start":{"line":6,"column":12},"end":{"line":6,"column":21}},"5":{"start":{"line":7,"column":0},"end":{"line":7,"column":16}},"6":{"start":{"line":8,"column":0},"end":{"line":8,"column":24}},"7":{"start":{"line":10,"column":16},"end":{"line":10,"column":50}},"8":{"start":{"line":13,"column":2},"end":{"line":13,"column":63}},"9":{"start":{"line":13,"column":31},"end":{"line":13,"column":63}},"10":{"start":{"line":14,"column":2},"end":{"line":14,"column":46}},"11":{"start":{"line":17,"column":2},"end":{"line":17,"column":60}},"12":{"start":{"line":20,"column":0},"end":{"line":20,"column":59}},"13":{"start":{"line":20,"column":36},"end":{"line":20,"column":57}},"14":{"start":{"line":22,"column":0},"end":{"line":30,"column":3}},"15":{"start":{"line":23,"column":20},"end":{"line":23,"column":28}},"16":{"start":{"line":24,"column":2},"end":{"line":24,"column":91}},"17":{"start":{"line":24,"column":31},"end":{"line":24,"column":91}},"18":{"start":{"line":25,"column":16},"end":{"line":25,"column":27}},"19":{"start":{"line":26,"column":15},"end":{"line":26,"column":64}},"20":{"start":{"line":27,"column":2},"end":{"line":27,"column":19}},"21":{"start":{"line":28,"column":2},"end":{"line":28,"column":20}},"22":{"start":{"line":29,"column":2},"end":{"line":29,"column":29}},"23":{"start":{"line":32,"column":0},"end":{"line":39,"column":3}},"24":{"start":{"line":33,"column":16},"end":{"line":33,"column":27}},"25":{"start":{"line":34,"column":15},"end":{"line":34,"column":54}},"26":{"start":{"line":34,"column":31},"end":{"line":34,"column":53}},"27":{"start":{"line":35,"column":2},"end":{"line":35,"column":65}},"28":{"start":{"line":35,"column":13},"end":{"line":35,"column":65}},"29":{"start":{"line":36,"column":2},"end":{"line":36,"column":25}},"30":{"start":{"line":37,"column":2},"end":{"line":37,"column":20}},"31":{"start":{"line":38,"column":2},"end":{"line":38,"column":17}},"32":{"start":{"line":41,"column":0},"end":{"line":48,"column":3}},"33":{"start":{"line":42,"column":14},"end":{"line":42,"column":25}},"34":{"start":{"line":43,"column":17},"end":{"line":43,"column":56}},"35":{"start":{"line":43,"column":33},"end":{"line":43,"column":55}},"36":{"start":{"line":44,"column":2},"end":{"line":44,"column":67}},"37":{"start":{"line":44,"column":15},"end":{"line":44,"column":67}},"38":{"start":{"line":45,"column":2},"end":{"line":45,"column":52}},"39":{"start":{"line":45,"column":28},"end":{"line":45,"column":50}},"40":{"start":{"line":46,"column":2},"end":{"line":46,"column":20}},"41":{"start":{"line":47,"column":2},"end":{"line":47,"column":24}},"42":{"start":{"line":50,"column":0},"end":{"line":52,"column":1}},"43":{"start":{"line":51,"column":2},"end":{"line":51,"column":58}},"44":{"start":{"line":51,"column":25},"end":{"line":51,"column":56}},"45":{"start":{"line":53,"column":0},"end":{"line":53,"column":21}}},"fnMap":{"0":{"name":"readTasks","decl":{"start":{"line":12,"column":9},"end":{"line":12,"column":18}},"loc":{"start":{"line":12,"column":21},"end":{"line":15,"column":1}},"line":12},"1":{"name":"writeTasks","decl":{"start":{"line":16,"column":9},"end":{"line":16,"column":19}},"loc":{"start":{"line":16,"column":27},"end":{"line":18,"column":1}},"line":16},"2":{"name":"(anonymous_2)","decl":{"start":{"line":20,"column":22},"end":{"line":20,"column":23}},"loc":{"start":{"line":20,"column":36},"end":{"line":20,"column":57}},"line":20},"3":{"name":"(anonymous_3)","decl":{"start":{"line":22,"column":23},"end":{"line":22,"column":24}},"loc":{"start":{"line":22,"column":37},"end":{"line":30,"column":1}},"line":22},"4":{"name":"(anonymous_4)","decl":{"start":{"line":32,"column":26},"end":{"line":32,"column":27}},"loc":{"start":{"line":32,"column":40},"end":{"line":39,"column":1}},"line":32},"5":{"name":"(anonymous_5)","decl":{"start":{"line":34,"column":26},"end":{"line":34,"column":27}},"loc":{"start":{"line":34,"column":31},"end":{"line":34,"column":53}},"line":34},"6":{"name":"(anonymous_6)","decl":{"start":{"line":41,"column":29},"end":{"line":41,"column":30}},"loc":{"start":{"line":41,"column":43},"end":{"line":48,"column":1}},"line":41},"7":{"name":"(anonymous_7)","decl":{"start":{"line":43,"column":28},"end":{"line":43,"column":29}},"loc":{"start":{"line":43,"column":33},"end":{"line":43,"column":55}},"line":43},"8":{"name":"(anonymous_8)","decl":{"start":{"line":45,"column":23},"end":{"line":45,"column":24}},"loc":{"start":{"line":45,"column":28},"end":{"line":45,"column":50}},"line":45},"9":{"name":"(anonymous_9)","decl":{"start":{"line":51,"column":19},"end":{"line":51,"column":20}},"loc":{"start":{"line":51,"column":25},"end":{"line":51,"column":56}},"line":51}},"branchMap":{"0":{"loc":{"start":{"line":13,"column":2},"end":{"line":13,"column":63}},"type":"if","locations":[{"start":{"line":13,"column":2},"end":{"line":13,"column":63}},{"start":{},"end":{}}],"line":13},"1":{"loc":{"start":{"line":24,"column":2},"end":{"line":24,"column":91}},"type":"if","locations":[{"start":{"line":24,"column":2},"end":{"line":24,"column":91}},{"start":{},"end":{}}],"line":24},"2":{"loc":{"start":{"line":24,"column":6},"end":{"line":24,"column":29}},"type":"binary-expr","locations":[{"start":{"line":24,"column":6},"end":{"line":24,"column":12}},{"start":{"line":24,"column":16},"end":{"line":24,"column":29}}],"line":24},"3":{"loc":{"start":{"line":35,"column":2},"end":{"line":35,"column":65}},"type":"if","locations":[{"start":{"line":35,"column":2},"end":{"line":35,"column":65}},{"start":{},"end":{}}],"line":35},"4":{"loc":{"start":{"line":44,"column":2},"end":{"line":44,"column":67}},"type":"if","locations":[{"start":{"line":44,"column":2},"end":{"line":44,"column":67}},{"start":{},"end":{}}],"line":44},"5":{"loc":{"start":{"line":50,"column":0},"end":{"line":52,"column":1}},"type":"if","locations":[{"start":{"line":50,"column":0},"end":{"line":52,"column":1}},{"start":{},"end":{}}],"line":50}},"s":{"0":1,"1":1,"2":1,"3":1,"4":1,"5":1,"6":1,"7":1,"8":14,"9":0,"10":14,"11":9,"12":1,"13":3,"14":1,"15":7,"16":7,"17":2,"18":5,"19":5,"20":5,"21":5,"22":5,"23":1,"24":4,"25":4,"26":3,"27":4,"28":1,"29":3,"30":3,"31":3,"32":1,"33":2,"34":2,"35":1,"36":2,"37":1,"38":1,"39":1,"40":1,"41":1,"42":1,"43":0,"44":0,"45":1},"f":{"0":14,"1":9,"2":3,"3":7,"4":4,"5":3,"6":2,"7":1,"8":1,"9":0},"b":{"0":[0,14],"1":[2,5],"2":[7,5],"3":[1,3],"4":[1,1],"5":[0,1]},"_coverageSchema":"1a1c01bbd47fc00a2c39e90264f33305004495a9","hash":"065df301379419a1b526ccf92b49216fd9ca3743"}
}
