TN:
SF:server.js
FN:12,readTasks
FN:16,writeTasks
FN:20,(anonymous_2)
FN:22,(anonymous_3)
FN:32,(anonymous_4)
FN:34,(anonymous_5)
FN:41,(anonymous_6)
FN:43,(anonymous_7)
FN:45,(anonymous_8)
FN:51,(anonymous_9)
FNF:10
FNH:9
FNDA:14,readTasks
FNDA:9,writeTasks
FNDA:3,(anonymous_2)
FNDA:7,(anonymous_3)
FNDA:4,(anonymous_4)
FNDA:3,(anonymous_5)
FNDA:2,(anonymous_6)
FNDA:1,(anonymous_7)
FNDA:1,(anonymous_8)
FNDA:0,(anonymous_9)
DA:1,1
DA:2,1
DA:3,1
DA:4,1
DA:6,1
DA:7,1
DA:8,1
DA:10,1
DA:13,14
DA:14,14
DA:17,9
DA:20,3
DA:22,1
DA:23,7
DA:24,7
DA:25,5
DA:26,5
DA:27,5
DA:28,5
DA:29,5
DA:32,1
DA:33,4
DA:34,4
DA:35,4
DA:36,3
DA:37,3
DA:38,3
DA:41,1
DA:42,2
DA:43,2
DA:44,2
DA:45,1
DA:46,1
DA:47,1
DA:50,1
DA:51,0
DA:53,1
LF:37
LH:36
BRDA:13,0,0,0
BRDA:13,0,1,14
BRDA:24,1,0,2
BRDA:24,1,1,5
BRDA:24,2,0,7
BRDA:24,2,1,5
BRDA:35,3,0,1
BRDA:35,3,1,3
BRDA:44,4,0,1
BRDA:44,4,1,1
BRDA:50,5,0,0
BRDA:50,5,1,1
BRF:12
BRH:10
end_of_record
